===================
Membrane
===================
Unit radius of the sphere (in nm): 10
Number of vertices: 972
Number of edges: 2910
Number of faces: 1940
Lambda_v: 0
Lambda_a: 0
Lambda_l: 0
Total intial volume: 4.16463  Sphere volume: 4.18879  Ref volume: 4.16463
Total intial face area: 12.5261  Sphere area: 12.5664  Ref area: 12.5261
Total intial vertex area: 12.5261  Sphere area: 12.5664  Ref area: 12.5261
Bending rigidity: 30
Stretching constant: 30
Surface Tension constant: 3
Unstretched edge length: 0.121933
LJ strength: 1
LJ distance cutoff: 0.0121933

===================
Electrostatics
===================
Total charge on membrane: 900
Fractional charge occupancy (alpha): 1
Salt concentration: 0.02
Debye length: 0.215065
Bjerrum length: 0.0714

===================
Thermodynamics
===================
Initial Temperature (T): 0.01
Thermostat mass (Q): 0.1
Number of thermostats (C): 5
Timestep (dt): 0.001  &  Total steps: 250000.
Annealing: y
Anneal frequency: 50000
Anneal duration: 1
Temperature annealing decrement: 1.25
Thermostat mass decrement: 1.125
Off-file loaded: n
