===================
Membrane
===================
Unit radius of the sphere (in nm): 10
Number of vertices: 632
Number of edges: 1890
Number of faces: 1260
Lambda_v: 0
Lambda_a: 0
Lambda_l: 0
Total intial volume: 4.15171  Sphere volume: 4.18879  Ref volume: 4.15171
Total intial face area: 12.5045  Sphere area: 12.5664  Ref area: 12.5045
Total intial vertex area: 12.5045  Sphere area: 12.5664  Ref area: 12.5045
Bending rigidity: 10
Young's Modulus (2D): 1
Stretching constant: 100
Surface Tension constant: 0
LJ strength: 1
LJ distance cutoff: 0.0151174

===================
Electrostatics
===================
Total charge on membrane: 600
Fractional charge occupancy (alpha): 1
Salt concentration: 0.005
Debye length: 0.430129
Bjerrum length: 0.0714

===================
Thermodynamics
===================
Initial Temperature (T): 0.02
Thermostat mass (Q): 0.2
Number of thermostats (C): 5
Timestep (dt): 0.001  &  Total steps: 30000.
Annealing: y
Anneal frequency: 50000
Anneal duration: 1
Temperature annealing decrement: 1.25
Thermostat mass decrement: 1.125
Off-file loaded: n
